c:\users\bruno\documents\github\entregasa2\entrega1\debug\arraylistordenado.obj
c:\users\bruno\documents\github\entregasa2\entrega1\debug\pilaarray.obj
c:\users\bruno\documents\github\entregasa2\entrega1\debug\sistematemplates.obj
c:\users\bruno\documents\github\entregasa2\entrega1\debug\casodeprueba.obj
c:\users\bruno\documents\github\entregasa2\entrega1\debug\pilaencadenada.obj
c:\users\bruno\documents\github\entregasa2\entrega1\debug\asociacion.obj
c:\users\bruno\documents\github\entregasa2\entrega1\debug\linkedlistordenado.obj
c:\users\bruno\documents\github\entregasa2\entrega1\debug\sistema.obj
c:\users\bruno\documents\github\entregasa2\entrega1\debug\colaprioridadimp.obj
c:\users\bruno\documents\github\entregasa2\entrega1\debug\main.obj
c:\users\bruno\documents\github\entregasa2\entrega1\debug\vc140.pdb
c:\users\bruno\documents\github\entregasa2\entrega1\debug\obligatorio.ilk
c:\users\bruno\documents\github\entregasa2\entrega1\debug\obligatorio.exe
c:\users\bruno\documents\github\entregasa2\entrega1\debug\obligatorio.pdb
c:\users\bruno\documents\github\entregasa2\entrega1\debug\vc140.idb
c:\users\bruno\documents\github\entregasa2\entrega1\debug\obligatorio.tlog\cl.command.1.tlog
c:\users\bruno\documents\github\entregasa2\entrega1\debug\obligatorio.tlog\cl.read.1.tlog
c:\users\bruno\documents\github\entregasa2\entrega1\debug\obligatorio.tlog\cl.write.1.tlog
c:\users\bruno\documents\github\entregasa2\entrega1\debug\obligatorio.tlog\link.command.1.tlog
c:\users\bruno\documents\github\entregasa2\entrega1\debug\obligatorio.tlog\link.read.1.tlog
c:\users\bruno\documents\github\entregasa2\entrega1\debug\obligatorio.tlog\link.write.1.tlog
